<?xml version="1.0" encoding="UTF-8"?>
<!-- Generated by org.testng.reporters.JUnitReportReporter -->
<testsuite hostname="BasuAbbigeri" failures="0" tests="4" name="com.test.reqres.HTTPRequests" time="4.079" errors="0" timestamp="2023-01-03T20:47:28 IST" skipped="0">
  <testcase classname="com.test.reqres.HTTPRequests" name="getRequest" time="1.941"/>
  <system-out/>
  <testcase classname="com.test.reqres.HTTPRequests" name="postRequest" time="0.935"/>
  <system-out/>
  <testcase classname="com.test.reqres.HTTPRequests" name="putRequest" time="0.587"/>
  <system-out/>
  <testcase classname="com.test.reqres.HTTPRequests" name="deleteRequest" time="0.616"/>
  <system-out/>
</testsuite> <!-- com.test.reqres.HTTPRequests -->
